<?xml version="1.0" encoding="UTF-8"?>
<testng-results total="1" passed="1" failed="0" skipped="0">
  <reporter-output>
  </reporter-output>
  <suite started-at="2023-04-17T11:30:30Z" name="Default suite" finished-at="2023-04-17T11:31:27Z" duration-ms="56933">
    <groups>
    </groups>
    <test started-at="2023-04-17T11:30:30Z" name="Default test" finished-at="2023-04-17T11:31:27Z" duration-ms="56933">
      <class name="Hybrid_app.general_store">
        <test-method is-config="true" signature="bt()[pri:0, instance:Hybrid_app.general_store@41005828]" started-at="2023-04-17T17:00:30Z" name="bt" finished-at="2023-04-17T17:00:37Z" duration-ms="7282" status="PASS">
          <reporter-output>
          </reporter-output>
        </test-method> <!-- bt -->
        <test-method signature="homepage()[pri:0, instance:Hybrid_app.general_store@41005828]" started-at="2023-04-17T17:00:37Z" name="homepage" finished-at="2023-04-17T17:01:27Z" duration-ms="49642" status="PASS">
          <reporter-output>
          </reporter-output>
        </test-method> <!-- homepage -->
      </class> <!-- Hybrid_app.general_store -->
    </test> <!-- Default test -->
  </suite> <!-- Default suite -->
</testng-results>
